<?xml version="1.0" encoding="UTF-8"?>
<!-- Generated by org.testng.reporters.JUnitReportReporter -->
<testsuite skipped="0" hostname="DESKTOP-LDS4O3B" name="Twoclasses.Class2" tests="1" failures="0" timestamp="05 Apr 2019 13:58:58 GMT" time="0.007" errors="0">
  <testcase name="b" time="0.007" classname="Twoclasses.Class2"/>
</testsuite> <!-- Twoclasses.Class2 -->
