<?xml version="1.0" encoding="UTF-8"?>
<!-- Generated by org.testng.reporters.JUnitReportReporter -->
<testsuite skipped="0" hostname="DESKTOP-LDS4O3B" name="Twoclasses.Class1" tests="3" failures="0" timestamp="06 Jun 2019 09:22:48 GMT" time="0.011" errors="0">
  <testcase name="B" time="0.007" classname="Twoclasses.Class1"/>
  <testcase name="C" time="0.002" classname="Twoclasses.Class1"/>
  <testcase name="b" time="0.002" classname="Twoclasses.Class1"/>
</testsuite> <!-- Twoclasses.Class1 -->
